  Acrobot.cpp
  ActorCritic.cpp
  CartPole.cpp
  ExpectedSarsaLambda.cpp
C:\Data\BasicRL\BasicRL\ExpectedSarsaLambda.cpp(103,24): warning C4267: 'initializing': conversion from 'size_t' to 'int', possible loss of data
  FourierBasis.cpp
  Gridworld.cpp
  Gridworld687.cpp
  June16_2023.cpp
  MountainCar.cpp
  QLambda.cpp
  SarsaLambda.cpp
  common.cpp
  main.cpp
  Generating code
  1 of 2207 functions (<0.1%) were compiled, the rest were copied from previous compilation.
    0 functions were new in current compilation
    56 functions had inline decision re-evaluated but remain unchanged
  Finished generating code
  BasicRL.vcxproj -> C:\Data\BasicRL\x64\Release\BasicRL.exe
